<?xml version="1.0" encoding="UTF-8"?>
<robot generator="Robot 7.3.2 (Python 3.13.5 on win32)" generated="2025-07-16T22:20:35.536576" rpa="false" schemaversion="5">
<suite id="s1" name="Amazon Testes" source="c:\CursoUdemy\RobotFramework\WebTesting\amazon_testes.robot">
<test id="s1-t1" name="Caso de Teste 02 - Pesquisa de Produto" line="21">
<kw name="Abrir o navegador" owner="amazon_resources" type="SETUP">
<kw name="Open Browser" owner="SeleniumLibrary">
<msg time="2025-07-16T22:20:35.919205" level="INFO">Opening browser 'edge' to base url 'None'.</msg>
<msg time="2025-07-16T22:20:36.070553" level="WARN">Exception managing MicrosoftEdge: error sending request for url (https://msedgedriver.azureedge.net/LATEST_RELEASE_138_WINDOWS)</msg>
<arg>browser=edge</arg>
<doc>Opens a new browser instance to the optional ``url``.</doc>
<status status="PASS" start="2025-07-16T22:20:35.918658" elapsed="1.593254"/>
</kw>
<kw name="Maximize Browser Window" owner="SeleniumLibrary">
<doc>Maximizes current browser window.</doc>
<status status="PASS" start="2025-07-16T22:20:37.513291" elapsed="0.087639"/>
</kw>
<status status="PASS" start="2025-07-16T22:20:35.917726" elapsed="1.683885"/>
</kw>
<kw name="Acessar a home page do site Amazon.com.br" owner="amazon_resources">
<kw name="Go To" owner="SeleniumLibrary">
<msg time="2025-07-16T22:20:37.605344" level="INFO">Opening url 'https://amazon.com.br'</msg>
<arg>url=${URL}</arg>
<doc>Navigates the current browser window to the provided ``url``.</doc>
<status status="PASS" start="2025-07-16T22:20:37.604363" elapsed="3.700275"/>
</kw>
<kw name="Wait Until Element Is Visible" owner="SeleniumLibrary">
<arg>locator=${MENU_ELETRONICOS}</arg>
<doc>Waits until the element ``locator`` is visible.</doc>
<status status="PASS" start="2025-07-16T22:20:41.305509" elapsed="0.081121"/>
</kw>
<status status="PASS" start="2025-07-16T22:20:37.602973" elapsed="3.783890"/>
</kw>
<kw name="Acessar a barra de pesquinsa e digitar o nome do produto &quot;Xbox Series S&quot; no campo de Pesquisa" owner="amazon_resources" source_name="Acessar a barra de pesquinsa e digitar o nome do produto &quot;${PRODUTO}&quot; no campo de Pesquisa">
<kw name="Input Text" owner="SeleniumLibrary">
<msg time="2025-07-16T22:20:41.389710" level="INFO">Typing text 'Xbox Series S' into text field '//input[@id='twotabsearchtextbox']'.</msg>
<arg>locator=${BARRA_PESQUISA}</arg>
<arg>text=${PRODUTO}</arg>
<doc>Types the given ``text`` into the text field identified by ``locator``.</doc>
<status status="PASS" start="2025-07-16T22:20:41.388628" elapsed="0.447917"/>
</kw>
<status status="PASS" start="2025-07-16T22:20:41.387590" elapsed="0.449316"/>
</kw>
<kw name="Clicar no botão de pesquisa" owner="amazon_resources">
<kw name="Click Button" owner="SeleniumLibrary">
<msg time="2025-07-16T22:20:41.842006" level="INFO">Clicking button '//input[@id='nav-search-submit-button']'.</msg>
<arg>locator=${BOTAO_PESQUISA}</arg>
<doc>Clicks the button identified by ``locator``.</doc>
<status status="PASS" start="2025-07-16T22:20:41.839992" elapsed="2.696633"/>
</kw>
<status status="PASS" start="2025-07-16T22:20:41.837794" elapsed="2.699121"/>
</kw>
<kw name="Verificar o resultado da pesquisa se está listando o produto pesquisado" owner="amazon_resources">
<kw name="Wait Until Element Is Visible" owner="SeleniumLibrary">
<arg>locator=(//h2[normalize-space()='Resultados'])[1]</arg>
<doc>Waits until the element ``locator`` is visible.</doc>
<status status="PASS" start="2025-07-16T22:20:44.538988" elapsed="0.044406"/>
</kw>
<status status="PASS" start="2025-07-16T22:20:44.537771" elapsed="0.045906"/>
</kw>
<kw name="Fechar o navegador" owner="amazon_resources" type="TEARDOWN">
<kw name="Close Browser" owner="SeleniumLibrary">
<doc>Closes the current browser.</doc>
<status status="PASS" start="2025-07-16T22:20:44.585294" elapsed="2.320786"/>
</kw>
<status status="PASS" start="2025-07-16T22:20:44.584619" elapsed="2.321769"/>
</kw>
<doc>Esse teste verifica a busca de um produto</doc>
<tag>busca_produtos</tag>
<tag>lista_busca</tag>
<status status="PASS" start="2025-07-16T22:20:35.916430" elapsed="10.990538"/>
</test>
<doc>Essa suite testa o site da Amazon.com.br</doc>
<status status="PASS" start="2025-07-16T22:20:35.542053" elapsed="11.366521"/>
</suite>
<statistics>
<total>
<stat pass="1" fail="0" skip="0">All Tests</stat>
</total>
<tag>
<stat pass="1" fail="0" skip="0">busca_produtos</stat>
<stat pass="1" fail="0" skip="0">lista_busca</stat>
</tag>
<suite>
<stat name="Amazon Testes" id="s1" pass="1" fail="0" skip="0">Amazon Testes</stat>
</suite>
</statistics>
<errors>
<msg time="2025-07-16T22:20:36.070553" level="WARN">Exception managing MicrosoftEdge: error sending request for url (https://msedgedriver.azureedge.net/LATEST_RELEASE_138_WINDOWS)</msg>
</errors>
</robot>
