<?xml version="1.0" encoding="UTF-8"?>
<robot generator="Robot 7.3.2 (Python 3.13.5 on win32)" generated="2025-07-17T13:42:16.253962" rpa="false" schemaversion="5">
<suite id="s1" name="Amazon Testes Gherkin Bdd" source="C:\CursoUdemy\RobotFramework\WebTesting\amazon_testes_gherkin_bdd.robot">
<test id="s1-t1" name="Caso de Teste 01 - Acesso ao menu &quot;Eletrônicos&quot;" line="12">
<kw name="Abrir o navegador" owner="amazon_resources_gherkin_bdd" type="SETUP">
<kw name="Open Browser" owner="SeleniumLibrary">
<msg time="2025-07-17T13:42:16.552225" level="INFO">Opening browser 'edge' to base url 'None'.</msg>
<msg time="2025-07-17T13:42:16.672229" level="WARN">Exception managing MicrosoftEdge: error sending request for url (https://msedgedriver.azureedge.net/LATEST_RELEASE_138_WINDOWS)</msg>
<arg>browser=edge</arg>
<doc>Opens a new browser instance to the optional ``url``.</doc>
<status status="PASS" start="2025-07-17T13:42:16.552049" elapsed="1.305089"/>
</kw>
<kw name="Maximize Browser Window" owner="SeleniumLibrary">
<doc>Maximizes current browser window.</doc>
<status status="PASS" start="2025-07-17T13:42:17.857418" elapsed="0.049151"/>
</kw>
<status status="PASS" start="2025-07-17T13:42:16.551383" elapsed="1.355449"/>
</kw>
<kw name="Dado que estou na home page da Amazon.com.br" owner="amazon_resources_gherkin_bdd">
<kw name="Acessar a home page do site Amazon.com.br" owner="amazon_resources_gherkin_bdd">
<kw name="Go To" owner="SeleniumLibrary">
<msg time="2025-07-17T13:42:17.909595" level="INFO">Opening url 'https://amazon.com.br'</msg>
<arg>url=${URL}</arg>
<doc>Navigates the current browser window to the provided ``url``.</doc>
<status status="PASS" start="2025-07-17T13:42:17.909199" elapsed="1.372871"/>
</kw>
<kw name="Wait Until Element Is Visible" owner="SeleniumLibrary">
<arg>locator=${MENU_ELETRONICOS}</arg>
<doc>Waits until the element ``locator`` is visible.</doc>
<status status="PASS" start="2025-07-17T13:42:19.282300" elapsed="0.092612"/>
</kw>
<status status="PASS" start="2025-07-17T13:42:17.908576" elapsed="1.466459"/>
</kw>
<kw name="Verificar se o título da página fica &quot;Amazon.com.br | Tudo pra você, de A a Z.&quot;" owner="amazon_resources_gherkin_bdd" source_name="Verificar se o título da página fica &quot;${TITULO_PAGINA}&quot;">
<kw name="Title Should Be" owner="SeleniumLibrary">
<msg time="2025-07-17T13:42:19.397379" level="INFO">Page title is 'Amazon.com.br | Tudo pra você, de A a Z.'.</msg>
<arg>title=${TITULO_PAGINA}</arg>
<doc>Verifies that the current page title equals ``title``.</doc>
<status status="PASS" start="2025-07-17T13:42:19.375575" elapsed="0.021910"/>
</kw>
<status status="PASS" start="2025-07-17T13:42:19.375284" elapsed="0.022305"/>
</kw>
<status status="PASS" start="2025-07-17T13:42:17.907561" elapsed="1.490094"/>
</kw>
<kw name="Quando acessar o menu &quot;Eletrônicos&quot;" owner="amazon_resources_gherkin_bdd">
<kw name="Entrar no menu &quot;Eletrônicos&quot;" owner="amazon_resources_gherkin_bdd">
<kw name="Click Element" owner="SeleniumLibrary">
<msg time="2025-07-17T13:42:19.399467" level="INFO">Clicking element '//a[contains(text(),'Eletrônicos')]'.</msg>
<arg>locator=${MENU_ELETRONICOS}</arg>
<doc>Click the element identified by ``locator``.</doc>
<status status="PASS" start="2025-07-17T13:42:19.399076" elapsed="2.032216"/>
</kw>
<status status="PASS" start="2025-07-17T13:42:19.398613" elapsed="2.032818"/>
</kw>
<status status="PASS" start="2025-07-17T13:42:19.398117" elapsed="2.033382"/>
</kw>
<kw name="Então o título da página deve ficar &quot;Eletrônicos e Tecnologia | Amazon.com.br&quot;" owner="amazon_resources_gherkin_bdd" source_name="Então o título da página deve ficar &quot;${TITULO_PAGINA}&quot;">
<kw name="Verificar se o título da página fica &quot;${TITULO_PAGINA}&quot;" owner="amazon_resources_gherkin_bdd" source_name="Verificar se o título da página fica &quot;${TITULO_PAGINA}&quot;">
<kw name="Title Should Be" owner="SeleniumLibrary">
<msg time="2025-07-17T13:42:21.439808" level="INFO">Page title is 'Eletrônicos e Tecnologia | Amazon.com.br'.</msg>
<arg>title=${TITULO_PAGINA}</arg>
<doc>Verifies that the current page title equals ``title``.</doc>
<status status="PASS" start="2025-07-17T13:42:21.432769" elapsed="0.007135"/>
</kw>
<status status="PASS" start="2025-07-17T13:42:21.432472" elapsed="0.007537"/>
</kw>
<status status="PASS" start="2025-07-17T13:42:21.432020" elapsed="0.008050"/>
</kw>
<kw name="E o texto &quot;Eletrônicos e Tecnologia&quot; deve ser exibido na página" owner="amazon_resources_gherkin_bdd">
<kw name="Element Should Be Visible" owner="SeleniumLibrary">
<msg time="2025-07-17T13:42:21.485548" level="INFO">Element '//span[text()='Eletrônicos e Tecnologia']' is displayed.</msg>
<arg>locator=//span[text()='Eletrônicos e Tecnologia']</arg>
<doc>Verifies that the element identified by ``locator`` is visible.</doc>
<status status="PASS" start="2025-07-17T13:42:21.440717" elapsed="0.044938"/>
</kw>
<status status="PASS" start="2025-07-17T13:42:21.440448" elapsed="0.045312"/>
</kw>
<kw name="E a categoria &quot;Computadores e Informática&quot; deve ser exibida na página" owner="amazon_resources_gherkin_bdd">
<kw name="Vertificar se aparece a categoria &quot;Computadores e Informática&quot;" owner="amazon_resources_gherkin_bdd">
<kw name="Element Should Be Visible" owner="SeleniumLibrary">
<msg time="2025-07-17T13:42:21.518777" level="INFO">Element '//span[@dir='auto'][normalize-space()='Computadores e Informática']' is displayed.</msg>
<arg>locator=${SUBMENU_COMPUTADORES_INFORMATICA}</arg>
<doc>Verifies that the element identified by ``locator`` is visible.</doc>
<status status="PASS" start="2025-07-17T13:42:21.487117" elapsed="0.031761"/>
</kw>
<status status="PASS" start="2025-07-17T13:42:21.486470" elapsed="0.032504"/>
</kw>
<status status="PASS" start="2025-07-17T13:42:21.486183" elapsed="0.032851"/>
</kw>
<kw name="Fechar o navegador" owner="amazon_resources_gherkin_bdd" type="TEARDOWN">
<kw name="Capture Page Screenshot" owner="SeleniumLibrary">
<msg time="2025-07-17T13:42:21.755671" level="INFO" html="true">&lt;/td&gt;&lt;/tr&gt;&lt;tr&gt;&lt;td colspan="3"&gt;&lt;a href="selenium-screenshot-1.png"&gt;&lt;img src="selenium-screenshot-1.png" width="800px"&gt;&lt;/a&gt;</msg>
<doc>Takes a screenshot of the current page and embeds it into a log file.</doc>
<status status="PASS" start="2025-07-17T13:42:21.519822" elapsed="0.236074"/>
</kw>
<kw name="Close Browser" owner="SeleniumLibrary">
<doc>Closes the current browser.</doc>
<status status="PASS" start="2025-07-17T13:42:21.756174" elapsed="2.320890"/>
</kw>
<status status="PASS" start="2025-07-17T13:42:21.519520" elapsed="2.558051"/>
</kw>
<doc>Esse teste verifica o menu Eletrônicos do site da Amazon.com.br
e verifica a categoria "Computadores e Informática"</doc>
<tag>categorias</tag>
<tag>menus</tag>
<status status="PASS" start="2025-07-17T13:42:16.550375" elapsed="7.528194"/>
</test>
<test id="s1-t2" name="Caso de Teste 02 - Pesquisa de Produto" line="22">
<kw name="Abrir o navegador" owner="amazon_resources_gherkin_bdd" type="SETUP">
<kw name="Open Browser" owner="SeleniumLibrary">
<msg time="2025-07-17T13:42:24.086183" level="INFO">Opening browser 'edge' to base url 'None'.</msg>
<msg time="2025-07-17T13:42:24.200117" level="WARN">Exception managing MicrosoftEdge: error sending request for url (https://msedgedriver.azureedge.net/LATEST_RELEASE_138_WINDOWS)</msg>
<arg>browser=edge</arg>
<doc>Opens a new browser instance to the optional ``url``.</doc>
<status status="PASS" start="2025-07-17T13:42:24.085537" elapsed="1.279193"/>
</kw>
<kw name="Maximize Browser Window" owner="SeleniumLibrary">
<doc>Maximizes current browser window.</doc>
<status status="PASS" start="2025-07-17T13:42:25.365356" elapsed="0.057181"/>
</kw>
<status status="PASS" start="2025-07-17T13:42:24.084270" elapsed="1.338605"/>
</kw>
<kw name="Dado que estou na home page da Amazon.com.br" owner="amazon_resources_gherkin_bdd">
<kw name="Acessar a home page do site Amazon.com.br" owner="amazon_resources_gherkin_bdd">
<kw name="Go To" owner="SeleniumLibrary">
<msg time="2025-07-17T13:42:25.426275" level="INFO">Opening url 'https://amazon.com.br'</msg>
<arg>url=${URL}</arg>
<doc>Navigates the current browser window to the provided ``url``.</doc>
<status status="PASS" start="2025-07-17T13:42:25.425937" elapsed="1.261041"/>
</kw>
<kw name="Wait Until Element Is Visible" owner="SeleniumLibrary">
<arg>locator=${MENU_ELETRONICOS}</arg>
<doc>Waits until the element ``locator`` is visible.</doc>
<status status="PASS" start="2025-07-17T13:42:26.687350" elapsed="4.454037"/>
</kw>
<status status="PASS" start="2025-07-17T13:42:25.425111" elapsed="5.716394"/>
</kw>
<kw name="Verificar se o título da página fica &quot;Amazon.com.br | Tudo pra você, de A a Z.&quot;" owner="amazon_resources_gherkin_bdd" source_name="Verificar se o título da página fica &quot;${TITULO_PAGINA}&quot;">
<kw name="Title Should Be" owner="SeleniumLibrary">
<msg time="2025-07-17T13:42:31.152172" level="INFO">Page title is 'Amazon.com.br | Tudo pra você, de A a Z.'.</msg>
<arg>title=${TITULO_PAGINA}</arg>
<doc>Verifies that the current page title equals ``title``.</doc>
<status status="PASS" start="2025-07-17T13:42:31.142110" elapsed="0.010157"/>
</kw>
<status status="PASS" start="2025-07-17T13:42:31.141777" elapsed="0.010593"/>
</kw>
<status status="PASS" start="2025-07-17T13:42:25.424212" elapsed="5.728220"/>
</kw>
<kw name="Quando pesquisar pelo produto &quot;Xbox Series S&quot;" owner="amazon_resources_gherkin_bdd">
<kw name="Acessar a barra de pesquisa e digitar o nome do produto &quot;${PRODUTO}&quot; no campo de Pesquisa" owner="amazon_resources_gherkin_bdd" source_name="Acessar a barra de pesquisa e digitar o nome do produto &quot;${PRODUTO}&quot; no campo de Pesquisa">
<kw name="Input Text" owner="SeleniumLibrary">
<msg time="2025-07-17T13:42:31.153661" level="INFO">Typing text 'Xbox Series S' into text field '//input[@id='twotabsearchtextbox']'.</msg>
<arg>locator=${BARRA_PESQUISA}</arg>
<arg>text=${PRODUTO}</arg>
<doc>Types the given ``text`` into the text field identified by ``locator``.</doc>
<status status="PASS" start="2025-07-17T13:42:31.153406" elapsed="0.227138"/>
</kw>
<status status="PASS" start="2025-07-17T13:42:31.153147" elapsed="0.227655"/>
</kw>
<kw name="Clicar no botão de pesquisa" owner="amazon_resources_gherkin_bdd">
<kw name="Click Button" owner="SeleniumLibrary">
<msg time="2025-07-17T13:42:31.381767" level="INFO">Clicking button '//input[@id='nav-search-submit-button']'.</msg>
<arg>locator=${BOTAO_PESQUISA}</arg>
<doc>Clicks the button identified by ``locator``.</doc>
<status status="PASS" start="2025-07-17T13:42:31.381480" elapsed="1.897727"/>
</kw>
<status status="PASS" start="2025-07-17T13:42:31.381078" elapsed="1.898348"/>
</kw>
<status status="PASS" start="2025-07-17T13:42:31.152823" elapsed="2.126721"/>
</kw>
<kw name="Então o título da página após a pesquisa do produto deve ficar &quot;Amazon.com.br : Xbox Series S&quot;" owner="amazon_resources_gherkin_bdd">
<kw name="Title Should Be" owner="SeleniumLibrary">
<msg time="2025-07-17T13:42:33.288666" level="INFO">Page title is 'Amazon.com.br : Xbox Series S'.</msg>
<arg>title=${TITULO}</arg>
<doc>Verifies that the current page title equals ``title``.</doc>
<status status="PASS" start="2025-07-17T13:42:33.280257" elapsed="0.008515"/>
</kw>
<status status="PASS" start="2025-07-17T13:42:33.279950" elapsed="0.008927"/>
</kw>
<kw name="E um produto da linha &quot;Xbox Series S&quot; deve ser mostrado na página" owner="amazon_resources_gherkin_bdd">
<kw name="Verificar o resultado da pesquisa se está listando o produto pesquisado" owner="amazon_resources_gherkin_bdd">
<kw name="Wait Until Element Is Visible" owner="SeleniumLibrary">
<arg>locator=(//h2[normalize-space()='Resultados'])[1]</arg>
<doc>Waits until the element ``locator`` is visible.</doc>
<status status="PASS" start="2025-07-17T13:42:33.289754" elapsed="0.028185"/>
</kw>
<status status="PASS" start="2025-07-17T13:42:33.289518" elapsed="0.028541"/>
</kw>
<status status="PASS" start="2025-07-17T13:42:33.289228" elapsed="0.028910"/>
</kw>
<kw name="Fechar o navegador" owner="amazon_resources_gherkin_bdd" type="TEARDOWN">
<kw name="Capture Page Screenshot" owner="SeleniumLibrary">
<msg time="2025-07-17T13:42:33.504868" level="INFO" html="true">&lt;/td&gt;&lt;/tr&gt;&lt;tr&gt;&lt;td colspan="3"&gt;&lt;a href="selenium-screenshot-2.png"&gt;&lt;img src="selenium-screenshot-2.png" width="800px"&gt;&lt;/a&gt;</msg>
<doc>Takes a screenshot of the current page and embeds it into a log file.</doc>
<status status="PASS" start="2025-07-17T13:42:33.318950" elapsed="0.186112"/>
</kw>
<kw name="Close Browser" owner="SeleniumLibrary">
<doc>Closes the current browser.</doc>
<status status="PASS" start="2025-07-17T13:42:33.505367" elapsed="2.449755"/>
</kw>
<status status="PASS" start="2025-07-17T13:42:33.318650" elapsed="2.636921"/>
</kw>
<doc>Esse teste verifica a busca de um produto</doc>
<tag>busca_produtos</tag>
<tag>lista_busca</tag>
<status status="PASS" start="2025-07-17T13:42:24.082008" elapsed="11.874487"/>
</test>
<doc>Essa suite testa o site da Amazon.com.br</doc>
<status status="PASS" start="2025-07-17T13:42:16.255417" elapsed="19.704834"/>
</suite>
<statistics>
<total>
<stat pass="2" fail="0" skip="0">All Tests</stat>
</total>
<tag>
<stat pass="1" fail="0" skip="0">busca_produtos</stat>
<stat pass="1" fail="0" skip="0">categorias</stat>
<stat pass="1" fail="0" skip="0">lista_busca</stat>
<stat pass="1" fail="0" skip="0">menus</stat>
</tag>
<suite>
<stat name="Amazon Testes Gherkin Bdd" id="s1" pass="2" fail="0" skip="0">Amazon Testes Gherkin Bdd</stat>
</suite>
</statistics>
<errors>
<msg time="2025-07-17T13:42:16.672229" level="WARN">Exception managing MicrosoftEdge: error sending request for url (https://msedgedriver.azureedge.net/LATEST_RELEASE_138_WINDOWS)</msg>
<msg time="2025-07-17T13:42:24.200117" level="WARN">Exception managing MicrosoftEdge: error sending request for url (https://msedgedriver.azureedge.net/LATEST_RELEASE_138_WINDOWS)</msg>
</errors>
</robot>
